<?xml version="1.0" encoding="UTF-8"?>
<testsuite name="Cucumber" time="10.33" tests="1" skipped="0" failures="0" errors="0">
<testcase classname="To test About Feature functionality of Apollo Website" name="To validate callback functionality" time="10.107">
<system-out><![CDATA[
Given User is on Apollo homepage............................................passed
When user clicks on health queries option...................................passed
And clicks on Request a callback button.....................................passed
And enters patient name, email id and mobile number.........................passed
And clicks on sumbit button.................................................passed
Then it should give the success message.....................................passed
]]></system-out>
</testcase>
</testsuite>
